Performing C SOURCE FILE Test CMAKE_HAVE_LIBC_PTHREAD failed with the following output:
Change Dir: /root/rpmbuild/BUILD/qpid-proton-0.34.0/bld/CMakeFiles/CMakeTmp

Run Build Command(s):/usr/bin/gmake -f Makefile cmTC_8def8/fast && /usr/bin/gmake  -f CMakeFiles/cmTC_8def8.dir/build.make CMakeFiles/cmTC_8def8.dir/build
gmake[1]: Entering directory '/root/rpmbuild/BUILD/qpid-proton-0.34.0/bld/CMakeFiles/CMakeTmp'
Building C object CMakeFiles/cmTC_8def8.dir/src.c.o
/usr/bin/cc -DCMAKE_HAVE_LIBC_PTHREAD  -O2 -g -pipe -Wall -Werror=format-security -Wp,-D_FORTIFY_SOURCE=2 -Wp,-D_GLIBCXX_ASSERTIONS -fexceptions -fstack-protector-strong -grecord-gcc-switches -specs=/usr/lib/rpm/redhat/redhat-hardened-cc1 -specs=/usr/lib/rpm/redhat/redhat-annobin-cc1 -m64 -mtune=generic -fasynchronous-unwind-tables -fstack-clash-protection -fcf-protection -fpic  -o CMakeFiles/cmTC_8def8.dir/src.c.o -c /root/rpmbuild/BUILD/qpid-proton-0.34.0/bld/CMakeFiles/CMakeTmp/src.c
Linking C executable cmTC_8def8
/usr/bin/cmake -E cmake_link_script CMakeFiles/cmTC_8def8.dir/link.txt --verbose=1
/usr/bin/cc -O2 -g -pipe -Wall -Werror=format-security -Wp,-D_FORTIFY_SOURCE=2 -Wp,-D_GLIBCXX_ASSERTIONS -fexceptions -fstack-protector-strong -grecord-gcc-switches -specs=/usr/lib/rpm/redhat/redhat-hardened-cc1 -specs=/usr/lib/rpm/redhat/redhat-annobin-cc1 -m64 -mtune=generic -fasynchronous-unwind-tables -fstack-clash-protection -fcf-protection -fpic  -rdynamic CMakeFiles/cmTC_8def8.dir/src.c.o -o cmTC_8def8 
CMakeFiles/cmTC_8def8.dir/src.c.o: In function `main':
/root/rpmbuild/BUILD/qpid-proton-0.34.0/bld/CMakeFiles/CMakeTmp/src.c:11: undefined reference to `pthread_create'
/root/rpmbuild/BUILD/qpid-proton-0.34.0/bld/CMakeFiles/CMakeTmp/src.c:12: undefined reference to `pthread_detach'
/root/rpmbuild/BUILD/qpid-proton-0.34.0/bld/CMakeFiles/CMakeTmp/src.c:13: undefined reference to `pthread_cancel'
/root/rpmbuild/BUILD/qpid-proton-0.34.0/bld/CMakeFiles/CMakeTmp/src.c:14: undefined reference to `pthread_join'
collect2: error: ld returned 1 exit status
gmake[1]: *** [CMakeFiles/cmTC_8def8.dir/build.make:99: cmTC_8def8] Error 1
gmake[1]: Leaving directory '/root/rpmbuild/BUILD/qpid-proton-0.34.0/bld/CMakeFiles/CMakeTmp'
gmake: *** [Makefile:127: cmTC_8def8/fast] Error 2


Source file was:
#include <pthread.h>

static void* test_func(void* data)
{
  return data;
}

int main(void)
{
  pthread_t thread;
  pthread_create(&thread, NULL, test_func, NULL);
  pthread_detach(thread);
  pthread_cancel(thread);
  pthread_join(thread, NULL);
  pthread_atfork(NULL, NULL, NULL);
  pthread_exit(NULL);

  return 0;
}

Determining if the function pthread_create exists in the pthreads failed with the following output:
Change Dir: /root/rpmbuild/BUILD/qpid-proton-0.34.0/bld/CMakeFiles/CMakeTmp

Run Build Command(s):/usr/bin/gmake -f Makefile cmTC_49772/fast && /usr/bin/gmake  -f CMakeFiles/cmTC_49772.dir/build.make CMakeFiles/cmTC_49772.dir/build
gmake[1]: Entering directory '/root/rpmbuild/BUILD/qpid-proton-0.34.0/bld/CMakeFiles/CMakeTmp'
Building C object CMakeFiles/cmTC_49772.dir/CheckFunctionExists.c.o
/usr/bin/cc   -O2 -g -pipe -Wall -Werror=format-security -Wp,-D_FORTIFY_SOURCE=2 -Wp,-D_GLIBCXX_ASSERTIONS -fexceptions -fstack-protector-strong -grecord-gcc-switches -specs=/usr/lib/rpm/redhat/redhat-hardened-cc1 -specs=/usr/lib/rpm/redhat/redhat-annobin-cc1 -m64 -mtune=generic -fasynchronous-unwind-tables -fstack-clash-protection -fcf-protection -fpic -DCHECK_FUNCTION_EXISTS=pthread_create -o CMakeFiles/cmTC_49772.dir/CheckFunctionExists.c.o -c /usr/share/cmake/Modules/CheckFunctionExists.c
Linking C executable cmTC_49772
/usr/bin/cmake -E cmake_link_script CMakeFiles/cmTC_49772.dir/link.txt --verbose=1
/usr/bin/cc -O2 -g -pipe -Wall -Werror=format-security -Wp,-D_FORTIFY_SOURCE=2 -Wp,-D_GLIBCXX_ASSERTIONS -fexceptions -fstack-protector-strong -grecord-gcc-switches -specs=/usr/lib/rpm/redhat/redhat-hardened-cc1 -specs=/usr/lib/rpm/redhat/redhat-annobin-cc1 -m64 -mtune=generic -fasynchronous-unwind-tables -fstack-clash-protection -fcf-protection -fpic -DCHECK_FUNCTION_EXISTS=pthread_create -rdynamic CMakeFiles/cmTC_49772.dir/CheckFunctionExists.c.o -o cmTC_49772  -lpthreads 
/usr/bin/ld: cannot find -lpthreads
collect2: error: ld returned 1 exit status
gmake[1]: *** [CMakeFiles/cmTC_49772.dir/build.make:99: cmTC_49772] Error 1
gmake[1]: Leaving directory '/root/rpmbuild/BUILD/qpid-proton-0.34.0/bld/CMakeFiles/CMakeTmp'
gmake: *** [Makefile:127: cmTC_49772/fast] Error 2



